  [1m[36m (1.4ms)[0m  [1mCREATE TABLE "schema_migrations" ("version" varchar NOT NULL) [0m
  [1m[35m (0.1ms)[0m  select sqlite_version(*)
  [1m[36m (1.1ms)[0m  [1mCREATE UNIQUE INDEX "unique_schema_migrations" ON "schema_migrations" ("version")[0m
  [1m[35mActiveRecord::SchemaMigration Load (0.1ms)[0m  SELECT "schema_migrations".* FROM "schema_migrations"


Started GET "/" for ::1 at 2015-11-16 16:12:00 -0600
Processing by Rails::WelcomeController#index as HTML
  Rendered /Users/admin/.rvm/gems/ruby-2.1.2/gems/railties-4.2.3/lib/rails/templates/rails/welcome/index.html.erb (1.9ms)
Completed 200 OK in 48ms (Views: 36.7ms | ActiveRecord: 0.0ms)


Started GET "/" for ::1 at 2018-04-09 19:55:01 -0400
Processing by Rails::WelcomeController#index as HTML
  Rendered /Users/tannerwolfe/.rvm/gems/ruby-2.3.3/gems/railties-4.2.10/lib/rails/templates/rails/welcome/index.html.erb (1.6ms)
Completed 200 OK in 35ms (Views: 10.7ms | ActiveRecord: 0.0ms)


Started GET "/hello_world" for ::1 at 2018-04-09 19:55:14 -0400

SyntaxError (/Users/tannerwolfe/Documents/Flatiron/Module2/rails-hello-world-lab-dc-web-031218/app/controllers/static_controller.rb:6: syntax error, unexpected end-of-input, expecting keyword_end):
  app/controllers/static_controller.rb:6: syntax error, unexpected end-of-input, expecting keyword_end


  Rendered /Users/tannerwolfe/.rvm/gems/ruby-2.3.3/gems/actionpack-4.2.10/lib/action_dispatch/middleware/templates/rescues/_source.erb (4.8ms)
  Rendered /Users/tannerwolfe/.rvm/gems/ruby-2.3.3/gems/actionpack-4.2.10/lib/action_dispatch/middleware/templates/rescues/_trace.html.erb (2.1ms)
  Rendered /Users/tannerwolfe/.rvm/gems/ruby-2.3.3/gems/actionpack-4.2.10/lib/action_dispatch/middleware/templates/rescues/_request_and_response.html.erb (1.0ms)
  Rendered /Users/tannerwolfe/.rvm/gems/ruby-2.3.3/gems/actionpack-4.2.10/lib/action_dispatch/middleware/templates/rescues/diagnostics.html.erb within rescues/layout (64.0ms)


Started GET "/hello_world" for ::1 at 2018-04-09 19:55:43 -0400

AbstractController::ActionNotFound (The action 'about' could not be found for StaticController):
  actionpack (4.2.10) lib/abstract_controller/base.rb:132:in `process'
  actionview (4.2.10) lib/action_view/rendering.rb:30:in `process'
  actionpack (4.2.10) lib/action_controller/metal.rb:196:in `dispatch'
  actionpack (4.2.10) lib/action_controller/metal/rack_delegation.rb:13:in `dispatch'
  actionpack (4.2.10) lib/action_controller/metal.rb:237:in `block in action'
  actionpack (4.2.10) lib/action_dispatch/routing/route_set.rb:74:in `dispatch'
  actionpack (4.2.10) lib/action_dispatch/routing/route_set.rb:43:in `serve'
  actionpack (4.2.10) lib/action_dispatch/journey/router.rb:43:in `block in serve'
  actionpack (4.2.10) lib/action_dispatch/journey/router.rb:30:in `each'
  actionpack (4.2.10) lib/action_dispatch/journey/router.rb:30:in `serve'
  actionpack (4.2.10) lib/action_dispatch/routing/route_set.rb:817:in `call'
  rack (1.6.9) lib/rack/etag.rb:24:in `call'
  rack (1.6.9) lib/rack/conditionalget.rb:25:in `call'
  rack (1.6.9) lib/rack/head.rb:13:in `call'
  actionpack (4.2.10) lib/action_dispatch/middleware/params_parser.rb:27:in `call'
  actionpack (4.2.10) lib/action_dispatch/middleware/flash.rb:260:in `call'
  rack (1.6.9) lib/rack/session/abstract/id.rb:225:in `context'
  rack (1.6.9) lib/rack/session/abstract/id.rb:220:in `call'
  actionpack (4.2.10) lib/action_dispatch/middleware/cookies.rb:560:in `call'
  activerecord (4.2.10) lib/active_record/query_cache.rb:36:in `call'
  activerecord (4.2.10) lib/active_record/connection_adapters/abstract/connection_pool.rb:653:in `call'
  activerecord (4.2.10) lib/active_record/migration.rb:377:in `call'
  actionpack (4.2.10) lib/action_dispatch/middleware/callbacks.rb:29:in `block in call'
  activesupport (4.2.10) lib/active_support/callbacks.rb:88:in `__run_callbacks__'
  activesupport (4.2.10) lib/active_support/callbacks.rb:778:in `_run_call_callbacks'
  activesupport (4.2.10) lib/active_support/callbacks.rb:81:in `run_callbacks'
  actionpack (4.2.10) lib/action_dispatch/middleware/callbacks.rb:27:in `call'
  actionpack (4.2.10) lib/action_dispatch/middleware/reloader.rb:73:in `call'
  actionpack (4.2.10) lib/action_dispatch/middleware/remote_ip.rb:78:in `call'
  actionpack (4.2.10) lib/action_dispatch/middleware/debug_exceptions.rb:17:in `call'
  actionpack (4.2.10) lib/action_dispatch/middleware/show_exceptions.rb:30:in `call'
  railties (4.2.10) lib/rails/rack/logger.rb:38:in `call_app'
  railties (4.2.10) lib/rails/rack/logger.rb:20:in `block in call'
  activesupport (4.2.10) lib/active_support/tagged_logging.rb:68:in `block in tagged'
  activesupport (4.2.10) lib/active_support/tagged_logging.rb:26:in `tagged'
  activesupport (4.2.10) lib/active_support/tagged_logging.rb:68:in `tagged'
  railties (4.2.10) lib/rails/rack/logger.rb:20:in `call'
  actionpack (4.2.10) lib/action_dispatch/middleware/request_id.rb:21:in `call'
  rack (1.6.9) lib/rack/methodoverride.rb:22:in `call'
  rack (1.6.9) lib/rack/runtime.rb:18:in `call'
  activesupport (4.2.10) lib/active_support/cache/strategy/local_cache_middleware.rb:28:in `call'
  rack (1.6.9) lib/rack/lock.rb:17:in `call'
  actionpack (4.2.10) lib/action_dispatch/middleware/static.rb:120:in `call'
  rack (1.6.9) lib/rack/sendfile.rb:113:in `call'
  railties (4.2.10) lib/rails/engine.rb:518:in `call'
  railties (4.2.10) lib/rails/application.rb:165:in `call'
  rack (1.6.9) lib/rack/lock.rb:17:in `call'
  rack (1.6.9) lib/rack/content_length.rb:15:in `call'
  rack (1.6.9) lib/rack/handler/webrick.rb:88:in `service'
  /Users/tannerwolfe/.rvm/rubies/ruby-2.3.3/lib/ruby/2.3.0/webrick/httpserver.rb:140:in `service'
  /Users/tannerwolfe/.rvm/rubies/ruby-2.3.3/lib/ruby/2.3.0/webrick/httpserver.rb:96:in `run'
  /Users/tannerwolfe/.rvm/rubies/ruby-2.3.3/lib/ruby/2.3.0/webrick/server.rb:296:in `block in start_thread'


  Rendered /Users/tannerwolfe/.rvm/gems/ruby-2.3.3/gems/actionpack-4.2.10/lib/action_dispatch/middleware/templates/rescues/unknown_action.html.erb within rescues/layout (0.5ms)


Started GET "/hello_world" for ::1 at 2018-04-09 19:58:05 -0400
Processing by StaticController#hello_world as HTML
Completed 500 Internal Server Error in 21ms (ActiveRecord: 0.0ms)

ActionView::MissingTemplate (Missing template static/hello_world, application/hello_world with {:locale=>[:en], :formats=>[:html], :variants=>[], :handlers=>[:erb, :builder, :raw, :ruby, :coffee, :jbuilder]}. Searched in:
  * "/Users/tannerwolfe/Documents/Flatiron/Module2/rails-hello-world-lab-dc-web-031218/app/views"
):
  app/controllers/static_controller.rb:5:in `hello_world'


  Rendered /Users/tannerwolfe/.rvm/gems/ruby-2.3.3/gems/actionpack-4.2.10/lib/action_dispatch/middleware/templates/rescues/_source.erb (7.1ms)
  Rendered /Users/tannerwolfe/.rvm/gems/ruby-2.3.3/gems/actionpack-4.2.10/lib/action_dispatch/middleware/templates/rescues/_trace.html.erb (2.6ms)
  Rendered /Users/tannerwolfe/.rvm/gems/ruby-2.3.3/gems/actionpack-4.2.10/lib/action_dispatch/middleware/templates/rescues/_request_and_response.html.erb (1.0ms)
  Rendered /Users/tannerwolfe/.rvm/gems/ruby-2.3.3/gems/actionpack-4.2.10/lib/action_dispatch/middleware/templates/rescues/missing_template.html.erb within rescues/layout (65.3ms)


Started GET "/hello_world" for ::1 at 2018-04-09 19:58:39 -0400
Processing by StaticController#hello_world as HTML
Completed 500 Internal Server Error in 2ms (ActiveRecord: 0.0ms)

ActionView::MissingTemplate (Missing template static/hello_world, application/hello_world with {:locale=>[:en], :formats=>[:html], :variants=>[], :handlers=>[:erb, :builder, :raw, :ruby, :coffee, :jbuilder]}. Searched in:
  * "/Users/tannerwolfe/Documents/Flatiron/Module2/rails-hello-world-lab-dc-web-031218/app/views"
):
  app/controllers/static_controller.rb:5:in `hello_world'


  Rendered /Users/tannerwolfe/.rvm/gems/ruby-2.3.3/gems/actionpack-4.2.10/lib/action_dispatch/middleware/templates/rescues/_source.erb (6.6ms)
  Rendered /Users/tannerwolfe/.rvm/gems/ruby-2.3.3/gems/actionpack-4.2.10/lib/action_dispatch/middleware/templates/rescues/_trace.html.erb (2.7ms)
  Rendered /Users/tannerwolfe/.rvm/gems/ruby-2.3.3/gems/actionpack-4.2.10/lib/action_dispatch/middleware/templates/rescues/_request_and_response.html.erb (1.0ms)
  Rendered /Users/tannerwolfe/.rvm/gems/ruby-2.3.3/gems/actionpack-4.2.10/lib/action_dispatch/middleware/templates/rescues/missing_template.html.erb within rescues/layout (63.9ms)


Started GET "/hello_world" for ::1 at 2018-04-09 19:58:43 -0400
Processing by StaticController#hello_world as HTML
Completed 500 Internal Server Error in 3ms (ActiveRecord: 0.0ms)

ActionView::MissingTemplate (Missing template static/hello_world, application/hello_world with {:locale=>[:en], :formats=>[:html], :variants=>[], :handlers=>[:erb, :builder, :raw, :ruby, :coffee, :jbuilder]}. Searched in:
  * "/Users/tannerwolfe/Documents/Flatiron/Module2/rails-hello-world-lab-dc-web-031218/app/views"
):
  app/controllers/static_controller.rb:5:in `hello_world'


  Rendered /Users/tannerwolfe/.rvm/gems/ruby-2.3.3/gems/actionpack-4.2.10/lib/action_dispatch/middleware/templates/rescues/_source.erb (10.0ms)
  Rendered /Users/tannerwolfe/.rvm/gems/ruby-2.3.3/gems/actionpack-4.2.10/lib/action_dispatch/middleware/templates/rescues/_trace.html.erb (2.7ms)
  Rendered /Users/tannerwolfe/.rvm/gems/ruby-2.3.3/gems/actionpack-4.2.10/lib/action_dispatch/middleware/templates/rescues/_request_and_response.html.erb (0.9ms)
  Rendered /Users/tannerwolfe/.rvm/gems/ruby-2.3.3/gems/actionpack-4.2.10/lib/action_dispatch/middleware/templates/rescues/missing_template.html.erb within rescues/layout (66.6ms)


Started GET "/hello_world" for ::1 at 2018-04-09 19:59:04 -0400
Processing by StaticController#hello_world as HTML
Completed 500 Internal Server Error in 3ms (ActiveRecord: 0.0ms)

ActionView::MissingTemplate (Missing template static/hello_world, application/hello_world with {:locale=>[:en], :formats=>[:html], :variants=>[], :handlers=>[:erb, :builder, :raw, :ruby, :coffee, :jbuilder]}. Searched in:
  * "/Users/tannerwolfe/Documents/Flatiron/Module2/rails-hello-world-lab-dc-web-031218/app/views"
):
  app/controllers/static_controller.rb:5:in `hello_world'


  Rendered /Users/tannerwolfe/.rvm/gems/ruby-2.3.3/gems/actionpack-4.2.10/lib/action_dispatch/middleware/templates/rescues/_source.erb (7.3ms)
  Rendered /Users/tannerwolfe/.rvm/gems/ruby-2.3.3/gems/actionpack-4.2.10/lib/action_dispatch/middleware/templates/rescues/_trace.html.erb (3.0ms)
  Rendered /Users/tannerwolfe/.rvm/gems/ruby-2.3.3/gems/actionpack-4.2.10/lib/action_dispatch/middleware/templates/rescues/_request_and_response.html.erb (1.6ms)
  Rendered /Users/tannerwolfe/.rvm/gems/ruby-2.3.3/gems/actionpack-4.2.10/lib/action_dispatch/middleware/templates/rescues/missing_template.html.erb within rescues/layout (70.5ms)


Started GET "/hello_world" for ::1 at 2018-04-09 20:01:03 -0400
Processing by StaticController#hello_world as HTML
Completed 500 Internal Server Error in 4ms (ActiveRecord: 0.0ms)

ActionView::MissingTemplate (Missing template static/hello_world with {:locale=>[:en], :formats=>[:html], :variants=>[], :handlers=>[:erb, :builder, :raw, :ruby, :coffee, :jbuilder]}. Searched in:
  * "/Users/tannerwolfe/Documents/Flatiron/Module2/rails-hello-world-lab-dc-web-031218/app/views"
):
  app/controllers/static_controller.rb:5:in `hello_world'


  Rendered /Users/tannerwolfe/.rvm/gems/ruby-2.3.3/gems/actionpack-4.2.10/lib/action_dispatch/middleware/templates/rescues/_source.erb (6.3ms)
  Rendered /Users/tannerwolfe/.rvm/gems/ruby-2.3.3/gems/actionpack-4.2.10/lib/action_dispatch/middleware/templates/rescues/_trace.html.erb (3.5ms)
  Rendered /Users/tannerwolfe/.rvm/gems/ruby-2.3.3/gems/actionpack-4.2.10/lib/action_dispatch/middleware/templates/rescues/_request_and_response.html.erb (1.1ms)
  Rendered /Users/tannerwolfe/.rvm/gems/ruby-2.3.3/gems/actionpack-4.2.10/lib/action_dispatch/middleware/templates/rescues/missing_template.html.erb within rescues/layout (62.5ms)


Started GET "/hello_world" for ::1 at 2018-04-10 09:07:46 -0400
Processing by StaticController#hello_world as HTML
  Rendered static/hello_world.html.erb within layouts/application (1.9ms)
Completed 200 OK in 491ms (Views: 481.2ms | ActiveRecord: 0.0ms)


Started GET "/assets/jquery.self-bd7ddd393353a8d2480a622e80342adf488fb6006d667e8b42e4c0073393abee.js?body=1" for ::1 at 2018-04-10 09:07:46 -0400


Started GET "/assets/application.self-e80e8f2318043e8af94dddc2adad5a4f09739a8ebb323b3ab31cd71d45fd9113.css?body=1" for ::1 at 2018-04-10 09:07:46 -0400


Started GET "/assets/turbolinks.self-2db6ec539b9190f75e1d477b305df53d12904d5cafdd47c7ffd91ba25cbec128.js?body=1" for ::1 at 2018-04-10 09:07:46 -0400


Started GET "/assets/application.self-3b8dabdc891efe46b9a144b400ad69e37d7e5876bdc39dee783419a69d7ca819.js?body=1" for ::1 at 2018-04-10 09:07:46 -0400


Started GET "/assets/jquery_ujs.self-784a997f6726036b1993eb2217c9cb558e1cbb801c6da88105588c56f13b466a.js?body=1" for ::1 at 2018-04-10 09:07:46 -0400
